INFO Training log for Predator-Prey
INFO 2024-10-22 22:54:34: Initializing.
INFO N:100
INFO n:600
INFO seed:1
INFO cuda_device:1
INFO AE_ckpt_path:../checkpoints/AE_dim_4_2024_04_08_11:13:43
INFO hidden_dim:4
INFO lr:0.005
INFO patience:50
INFO weight_decay:1e-06
INFO num_epoch:2000
INFO train_bs:256
INFO test_bs:256
INFO 2024-10-22 22:54:35: Training epoch 1, training mse:0.028131581532458465, test mse:0.03230641549453139, lr:0.005
INFO 2024-10-22 22:54:35: Training epoch 2, training mse:0.00837887660600245, test mse:0.010918474154702077, lr:0.005
INFO 2024-10-22 22:54:35: Training epoch 3, training mse:0.004321798216551542, test mse:0.0026910705103849373, lr:0.005
INFO 2024-10-22 22:54:36: Training epoch 4, training mse:0.0028822155048449836, test mse:0.002269989088138876, lr:0.005
INFO 2024-10-22 22:54:36: Training epoch 5, training mse:0.003213262573505441, test mse:0.0038146915224691233, lr:0.005
INFO 2024-10-22 22:54:36: Training epoch 6, training mse:0.0020666554337367415, test mse:0.002094907128290894, lr:0.005
INFO 2024-10-22 22:54:36: Training epoch 7, training mse:0.0018223917577415705, test mse:0.0016985692054731771, lr:0.005
INFO 2024-10-22 22:54:36: Training epoch 8, training mse:0.0012989277020096779, test mse:0.0015706743142800406, lr:0.005
INFO 2024-10-22 22:54:36: Training epoch 9, training mse:0.0011349938771066566, test mse:0.0014221364084126737, lr:0.005
INFO 2024-10-22 22:54:37: Training epoch 10, training mse:0.0007225052880433699, test mse:0.0008168032315249244, lr:0.005
INFO 2024-10-22 22:54:37: Training epoch 11, training mse:0.0008771436405368149, test mse:0.0010331313023925759, lr:0.005
INFO 2024-10-22 22:54:37: Training epoch 12, training mse:0.0006235172816862663, test mse:0.0007070078160419749, lr:0.005
INFO 2024-10-22 22:54:37: Training epoch 13, training mse:0.0005488934305806955, test mse:0.0007274908663627381, lr:0.005
INFO 2024-10-22 22:54:37: Training epoch 14, training mse:0.0003705570998135954, test mse:0.0005537509253675429, lr:0.005
INFO 2024-10-22 22:54:37: Training epoch 15, training mse:0.00034183962270617485, test mse:0.0004887091769584609, lr:0.005
INFO 2024-10-22 22:54:38: Training epoch 16, training mse:0.0002421932634509479, test mse:0.00038459097777376883, lr:0.005
INFO 2024-10-22 22:54:38: Training epoch 17, training mse:0.0002749441288566838, test mse:0.00039527267532927607, lr:0.005
INFO 2024-10-22 22:54:38: Training epoch 18, training mse:0.00020660213097774735, test mse:0.00034721505774844746, lr:0.005
INFO 2024-10-22 22:54:38: Training epoch 19, training mse:0.00024097223649732769, test mse:0.0003300813356569658, lr:0.005
INFO 2024-10-22 22:54:38: Training epoch 20, training mse:0.00016896216645060727, test mse:0.00029506143982871436, lr:0.005
INFO Training log for Predator-Prey
INFO 2024-10-23 09:17:23: Initializing.
INFO N:100
INFO n:600
INFO seed:1
INFO cuda_device:1
INFO AE_ckpt_path:../checkpoints/AE_dim_4_2024_04_08_11:13:43
INFO hidden_dim:4
INFO lr:0.005
INFO patience:50
INFO weight_decay:1e-06
INFO num_epoch:2000
INFO train_bs:256
INFO test_bs:256
INFO 2024-10-23 09:17:23: Training epoch 1, training mse:0.028131581532458465, test mse:0.03230641549453139, lr:0.005
INFO 2024-10-23 09:17:24: Training epoch 2, training mse:0.00837887660600245, test mse:0.010918474154702077, lr:0.005
INFO 2024-10-23 09:17:24: Training epoch 3, training mse:0.004321798216551542, test mse:0.0026910705103849373, lr:0.005
INFO 2024-10-23 09:17:24: Training epoch 4, training mse:0.0028822155048449836, test mse:0.002269989088138876, lr:0.005
INFO 2024-10-23 09:17:24: Training epoch 5, training mse:0.003213262573505441, test mse:0.0038146915224691233, lr:0.005
INFO 2024-10-23 09:17:24: Training epoch 6, training mse:0.0020666554337367415, test mse:0.002094907128290894, lr:0.005
INFO 2024-10-23 09:17:25: Training epoch 7, training mse:0.0018223917577415705, test mse:0.0016985692054731771, lr:0.005
INFO 2024-10-23 09:17:25: Training epoch 8, training mse:0.0012989277020096779, test mse:0.0015706743142800406, lr:0.005
INFO 2024-10-23 09:17:25: Training epoch 9, training mse:0.0011349938771066566, test mse:0.0014221364084126737, lr:0.005
INFO 2024-10-23 09:17:25: Training epoch 10, training mse:0.0007225052880433699, test mse:0.0008168032315249244, lr:0.005
INFO 2024-10-23 09:17:25: Training epoch 11, training mse:0.0008771436405368149, test mse:0.0010331313023925759, lr:0.005
INFO 2024-10-23 09:17:25: Training epoch 12, training mse:0.0006235172816862663, test mse:0.0007070078160419749, lr:0.005
INFO 2024-10-23 09:17:25: Training epoch 13, training mse:0.0005488934305806955, test mse:0.0007274908663627381, lr:0.005
INFO 2024-10-23 09:17:26: Training epoch 14, training mse:0.0003705570998135954, test mse:0.0005537509253675429, lr:0.005
INFO 2024-10-23 09:17:26: Training epoch 15, training mse:0.00034183962270617485, test mse:0.0004887091769584609, lr:0.005
INFO 2024-10-23 09:17:26: Training epoch 16, training mse:0.0002421932634509479, test mse:0.00038459097777376883, lr:0.005
INFO 2024-10-23 09:17:26: Training epoch 17, training mse:0.0002749441288566838, test mse:0.00039527267532927607, lr:0.005
INFO 2024-10-23 09:17:26: Training epoch 18, training mse:0.00020660213097774735, test mse:0.00034721505774844746, lr:0.005
INFO 2024-10-23 09:17:26: Training epoch 19, training mse:0.00024097223649732769, test mse:0.0003300813356569658, lr:0.005
INFO 2024-10-23 09:17:26: Training epoch 20, training mse:0.00016896216645060727, test mse:0.00029506143982871436, lr:0.005
INFO 2024-10-23 09:17:27: Training epoch 21, training mse:0.00021190366533119231, test mse:0.0003632989834538118, lr:0.005
INFO 2024-10-23 09:17:27: Training epoch 22, training mse:0.00015371008582102755, test mse:0.0002884219144713522, lr:0.005
INFO 2024-10-23 09:17:27: Training epoch 23, training mse:0.00018162784787515798, test mse:0.00027375687144134037, lr:0.005
INFO 2024-10-23 09:17:27: Training epoch 24, training mse:0.00013408936987010142, test mse:0.0002550223586392046, lr:0.005
INFO 2024-10-23 09:17:27: Training epoch 25, training mse:0.00015345390420407057, test mse:0.0003171208627463784, lr:0.005
INFO 2024-10-23 09:17:27: Training epoch 26, training mse:0.00015772566500042254, test mse:0.0002414643043569716, lr:0.005
INFO 2024-10-23 09:17:28: Training epoch 27, training mse:0.00011775666401566316, test mse:0.00023665426245618923, lr:0.005
INFO 2024-10-23 09:17:28: Training epoch 28, training mse:0.00012122647118909906, test mse:0.0002589198720670538, lr:0.005
INFO 2024-10-23 09:17:28: Training epoch 29, training mse:0.00010506537607094894, test mse:0.0002633934400364524, lr:0.005
INFO 2024-10-23 09:17:28: Training epoch 30, training mse:9.866347924495737e-05, test mse:0.0002192527429845844, lr:0.005
INFO 2024-10-23 09:17:28: Training epoch 31, training mse:8.898447413230315e-05, test mse:0.0002115985307682422, lr:0.005
INFO 2024-10-23 09:17:28: Training epoch 32, training mse:9.303879536067446e-05, test mse:0.00023345993577095214, lr:0.005
INFO 2024-10-23 09:17:29: Training epoch 33, training mse:8.748147229198366e-05, test mse:0.00021585828289971687, lr:0.005
INFO 2024-10-23 09:17:29: Training epoch 34, training mse:8.091678561565156e-05, test mse:0.0002112053777333737, lr:0.005
INFO 2024-10-23 09:17:29: Training epoch 35, training mse:7.478065041747566e-05, test mse:0.0002172800007732197, lr:0.005
INFO 2024-10-23 09:17:29: Training epoch 36, training mse:7.860244659241289e-05, test mse:0.00020391150519571966, lr:0.005
INFO 2024-10-23 09:17:29: Training epoch 37, training mse:7.915519381640479e-05, test mse:0.0002003666158998385, lr:0.005
INFO 2024-10-23 09:17:29: Training epoch 38, training mse:7.213071027460198e-05, test mse:0.00020241188940417487, lr:0.005
INFO 2024-10-23 09:17:30: Training epoch 39, training mse:6.534955173265189e-05, test mse:0.00019900681763829198, lr:0.005
INFO 2024-10-23 09:17:30: Training epoch 40, training mse:7.022605374610673e-05, test mse:0.00019212007221843427, lr:0.005
INFO 2024-10-23 09:17:30: Training epoch 41, training mse:6.177577355022852e-05, test mse:0.00019784278507965306, lr:0.005
INFO 2024-10-23 09:17:30: Training epoch 42, training mse:6.287951327976771e-05, test mse:0.00019750506968800133, lr:0.005
INFO 2024-10-23 09:17:30: Training epoch 43, training mse:6.014067791208314e-05, test mse:0.00018996224631943429, lr:0.005
INFO 2024-10-23 09:17:30: Training epoch 44, training mse:5.7620346827510126e-05, test mse:0.0001906011836278291, lr:0.005
INFO 2024-10-23 09:17:31: Training epoch 45, training mse:5.595802576863207e-05, test mse:0.00019176030885622217, lr:0.005
INFO 2024-10-23 09:17:31: Training epoch 46, training mse:5.818229813788397e-05, test mse:0.0001842718144568304, lr:0.005
INFO 2024-10-23 09:17:31: Training epoch 47, training mse:5.34604963225623e-05, test mse:0.0001866837774286978, lr:0.005
INFO 2024-10-23 09:17:31: Training epoch 48, training mse:5.394056158062691e-05, test mse:0.0001904745240608463, lr:0.005
INFO 2024-10-23 09:17:31: Training epoch 49, training mse:5.529742823758473e-05, test mse:0.00018686920248001115, lr:0.005
INFO 2024-10-23 09:17:31: Training epoch 50, training mse:5.757254499864454e-05, test mse:0.0001873379975828963, lr:0.005
INFO 2024-10-23 09:17:31: Training epoch 51, training mse:5.2138521520343296e-05, test mse:0.0001857251542484543, lr:0.005
INFO 2024-10-23 09:17:32: Training epoch 52, training mse:4.689082804058368e-05, test mse:0.00018055274237364452, lr:0.005
INFO 2024-10-23 09:17:32: Training epoch 53, training mse:5.367337871575728e-05, test mse:0.00018019124642402554, lr:0.005
INFO 2024-10-23 09:17:32: Training epoch 54, training mse:5.5427262850571424e-05, test mse:0.00018033656942861853, lr:0.005
INFO 2024-10-23 09:17:32: Training epoch 55, training mse:4.379470010462683e-05, test mse:0.00017810353892855346, lr:0.005
INFO 2024-10-23 09:17:32: Training epoch 56, training mse:4.8492944188183174e-05, test mse:0.00018446240574121475, lr:0.005
INFO 2024-10-23 09:17:32: Training epoch 57, training mse:4.440074432447242e-05, test mse:0.00017948892006340125, lr:0.005
INFO 2024-10-23 09:17:33: Training epoch 58, training mse:4.4167827581986785e-05, test mse:0.00017864119702911316, lr:0.005
INFO 2024-10-23 09:17:33: Training epoch 59, training mse:4.239028688364973e-05, test mse:0.00018577427696679175, lr:0.005
INFO 2024-10-23 09:17:33: Training epoch 60, training mse:4.4337288272799924e-05, test mse:0.00017978230001366077, lr:0.005
INFO 2024-10-23 09:17:33: Training epoch 61, training mse:3.854478018183727e-05, test mse:0.00017746952562447404, lr:0.005
INFO 2024-10-23 09:17:33: Training epoch 62, training mse:4.124803308513947e-05, test mse:0.00017836998570904447, lr:0.005
INFO 2024-10-23 09:17:33: Training epoch 63, training mse:3.915435202846614e-05, test mse:0.00017399241217693392, lr:0.005
INFO 2024-10-23 09:17:34: Training epoch 64, training mse:4.0178721974371e-05, test mse:0.00017904195192386396, lr:0.005
INFO 2024-10-23 09:17:34: Training epoch 65, training mse:3.7463385524461046e-05, test mse:0.00017941621899808524, lr:0.005
INFO 2024-10-23 09:17:34: Training epoch 66, training mse:3.949862002627924e-05, test mse:0.0001754503631066958, lr:0.005
INFO 2024-10-23 09:17:34: Training epoch 67, training mse:3.6990340352834515e-05, test mse:0.00017885812940221513, lr:0.005
INFO 2024-10-23 09:17:34: Training epoch 68, training mse:3.472474236332346e-05, test mse:0.0001762314074464181, lr:0.005
INFO 2024-10-23 09:17:34: Training epoch 69, training mse:3.450667645665817e-05, test mse:0.00018326011437845105, lr:0.005
INFO 2024-10-23 09:17:34: Training epoch 70, training mse:3.383246682157429e-05, test mse:0.00017649028571516587, lr:0.005
INFO 2024-10-23 09:17:35: Training epoch 71, training mse:3.305035897938069e-05, test mse:0.00017371280318911886, lr:0.005
INFO 2024-10-23 09:17:35: Training epoch 72, training mse:3.599745832616463e-05, test mse:0.0001796608982355489, lr:0.005
INFO 2024-10-23 09:17:35: Training epoch 73, training mse:3.294876660220325e-05, test mse:0.00017865693371277303, lr:0.005
INFO 2024-10-23 09:17:35: Training epoch 74, training mse:3.277600323296307e-05, test mse:0.00017740997918735957, lr:0.005
INFO 2024-10-23 09:17:35: Training epoch 75, training mse:3.154811080700407e-05, test mse:0.00018078267354818914, lr:0.005
INFO 2024-10-23 09:17:35: Training epoch 76, training mse:3.22404533411221e-05, test mse:0.00017429268579386795, lr:0.005
INFO 2024-10-23 09:17:36: Training epoch 77, training mse:3.3247338554550275e-05, test mse:0.00018551521376745464, lr:0.005
INFO 2024-10-23 09:17:36: Training epoch 78, training mse:2.9770373657811433e-05, test mse:0.0001825287699830369, lr:0.005
INFO 2024-10-23 09:17:36: Training epoch 79, training mse:3.1221684669920556e-05, test mse:0.0001721079825074412, lr:0.005
INFO 2024-10-23 09:17:36: Training epoch 80, training mse:3.0794176079022385e-05, test mse:0.00017953144379134756, lr:0.005
INFO 2024-10-23 09:17:36: Training epoch 81, training mse:2.9225185547450867e-05, test mse:0.00018027076112048235, lr:0.005
INFO 2024-10-23 09:17:36: Training epoch 82, training mse:3.129503420495894e-05, test mse:0.0001750036168838657, lr:0.005
INFO 2024-10-23 09:17:37: Training epoch 83, training mse:3.002712946909014e-05, test mse:0.00018731940811752187, lr:0.005
INFO 2024-10-23 09:17:37: Training epoch 84, training mse:2.801565339420146e-05, test mse:0.00017927027965924935, lr:0.005
INFO 2024-10-23 09:17:37: Training epoch 85, training mse:2.8369956756553922e-05, test mse:0.00018224756422569044, lr:0.005
INFO 2024-10-23 09:17:37: Training epoch 86, training mse:2.7854681320604868e-05, test mse:0.00017804103526941617, lr:0.005
INFO 2024-10-23 09:17:37: Training epoch 87, training mse:2.6089224168875564e-05, test mse:0.00018256315949353544, lr:0.005
INFO 2024-10-23 09:17:37: Training epoch 88, training mse:2.777029537052537e-05, test mse:0.00019925185188185424, lr:0.005
INFO 2024-10-23 09:17:38: Training epoch 89, training mse:2.8995400498388335e-05, test mse:0.0001753464457578957, lr:0.005
INFO 2024-10-23 09:17:38: Training epoch 90, training mse:2.7801112689000245e-05, test mse:0.00019068480954350284, lr:0.005
INFO 2024-10-23 09:17:38: Training epoch 91, training mse:2.6322502283922706e-05, test mse:0.00018021274718194036, lr:0.005
INFO 2024-10-23 09:17:38: Training epoch 92, training mse:2.506797621511699e-05, test mse:0.00018724569357194318, lr:0.005
INFO 2024-10-23 09:17:38: Training epoch 93, training mse:2.446791707673886e-05, test mse:0.00018527641320057833, lr:0.005
INFO 2024-10-23 09:17:38: Training epoch 94, training mse:2.373678701890943e-05, test mse:0.00017770926357722297, lr:0.005
INFO 2024-10-23 09:17:39: Training epoch 95, training mse:2.4446854998435203e-05, test mse:0.00018712634482653812, lr:0.005
INFO 2024-10-23 09:17:39: Training epoch 96, training mse:2.2665136687768e-05, test mse:0.00018078959328704514, lr:0.005
INFO 2024-10-23 09:17:39: Training epoch 97, training mse:2.3523837929436315e-05, test mse:0.00018432580812562568, lr:0.005
INFO 2024-10-23 09:17:39: Training epoch 98, training mse:2.1557838408625685e-05, test mse:0.00018766293972779144, lr:0.005
INFO 2024-10-23 09:17:39: Training epoch 99, training mse:2.2489136730049115e-05, test mse:0.00018322806833263408, lr:0.005
INFO 2024-10-23 09:17:39: Training epoch 100, training mse:2.4281550698409166e-05, test mse:0.00018412935514788842, lr:0.005
INFO 2024-10-23 09:17:39: Training epoch 101, training mse:2.4948431625186156e-05, test mse:0.00018403912084371163, lr:0.005
INFO 2024-10-23 09:17:40: Training epoch 102, training mse:2.284534396797729e-05, test mse:0.0001783359939508955, lr:0.005
INFO 2024-10-23 09:17:40: Training epoch 103, training mse:2.4795669257097568e-05, test mse:0.00019299101707777785, lr:0.005
INFO 2024-10-23 09:17:40: Training epoch 104, training mse:2.5134699171758257e-05, test mse:0.00018390764732127232, lr:0.005
INFO 2024-10-23 09:17:40: Training epoch 105, training mse:2.237395165138878e-05, test mse:0.00019242926161192978, lr:0.005
INFO 2024-10-23 09:17:40: Training epoch 106, training mse:2.225896969321184e-05, test mse:0.0001859165504356497, lr:0.005
INFO 2024-10-23 09:17:41: Training epoch 107, training mse:2.2143838577903807e-05, test mse:0.00018331062074139481, lr:0.005
INFO 2024-10-23 09:17:41: Training epoch 108, training mse:2.3659593959261354e-05, test mse:0.0001873511276547409, lr:0.005
INFO 2024-10-23 09:17:41: Training epoch 109, training mse:2.1050317930833746e-05, test mse:0.00018509144047129666, lr:0.005
INFO 2024-10-23 09:17:41: Training epoch 110, training mse:1.9601191524998285e-05, test mse:0.0001850305707193911, lr:0.005
INFO 2024-10-23 09:17:41: Training epoch 111, training mse:2.0255649360478856e-05, test mse:0.00019230319351966804, lr:0.005
INFO 2024-10-23 09:17:41: Training epoch 112, training mse:2.1465091170587886e-05, test mse:0.00018803344543509107, lr:0.005
INFO 2024-10-23 09:17:42: Training epoch 113, training mse:1.9516999903620064e-05, test mse:0.00019704498815068897, lr:0.005
INFO 2024-10-23 09:17:42: Training epoch 114, training mse:2.188697120194168e-05, test mse:0.00018668740237141415, lr:0.005
INFO 2024-10-23 09:17:42: Training epoch 115, training mse:2.037178698325685e-05, test mse:0.00018540190861434289, lr:0.005
INFO 2024-10-23 09:17:42: Training epoch 116, training mse:1.903110266236278e-05, test mse:0.00018817865596550595, lr:0.005
INFO 2024-10-23 09:17:42: Training epoch 117, training mse:1.8109096041977562e-05, test mse:0.00018771722867919985, lr:0.005
INFO 2024-10-23 09:17:42: Training epoch 118, training mse:2.138901739575279e-05, test mse:0.0001864521188205496, lr:0.005
INFO 2024-10-23 09:17:43: Training epoch 119, training mse:1.883518173902606e-05, test mse:0.00018371512548280103, lr:0.005
INFO 2024-10-23 09:17:43: Training epoch 120, training mse:1.8636661479831673e-05, test mse:0.0001879735882539535, lr:0.005
INFO 2024-10-23 09:17:43: Training epoch 121, training mse:1.9196724072874833e-05, test mse:0.00018518905987245185, lr:0.005
INFO 2024-10-23 09:17:43: Training epoch 122, training mse:1.9654809875646606e-05, test mse:0.0001837918901704446, lr:0.005
INFO 2024-10-23 09:17:43: Training epoch 123, training mse:1.9036657249671407e-05, test mse:0.00018859147439798107, lr:0.005
INFO 2024-10-23 09:17:43: Training epoch 124, training mse:1.8750402280905593e-05, test mse:0.00018483539467221513, lr:0.005
INFO 2024-10-23 09:17:44: Training epoch 125, training mse:1.810550929803867e-05, test mse:0.00019015141030346663, lr:0.005
INFO 2024-10-23 09:17:44: Training epoch 126, training mse:1.7864870945534978e-05, test mse:0.0001798305176331875, lr:0.005
INFO 2024-10-23 09:17:44: Training epoch 127, training mse:1.980736609160279e-05, test mse:0.0001902169963917307, lr:0.005
INFO 2024-10-23 09:17:44: Training epoch 128, training mse:1.9395505053883728e-05, test mse:0.00018683935225756917, lr:0.005
INFO 2024-10-23 09:17:44: Training epoch 129, training mse:1.8616137216061663e-05, test mse:0.00018357930154403826, lr:0.005
INFO 2024-10-23 09:17:44: Training epoch 130, training mse:1.9235441262329307e-05, test mse:0.0001875736082486886, lr:0.005
INFO 2024-10-23 09:17:45: Training epoch 131, training mse:1.8121518223779276e-05, test mse:0.00018560000656483075, lr:0.005
INFO 2024-10-23 09:17:45: Training epoch 132, training mse:1.7766188951403212e-05, test mse:0.0001904102979703263, lr:0.005
INFO 2024-10-23 09:17:45: Training epoch 133, training mse:1.8295467574110564e-05, test mse:0.00018327509739416806, lr:0.005
INFO 2024-10-23 09:17:45: Training epoch 134, training mse:1.7799714138770167e-05, test mse:0.00018700444131051577, lr:0.005
INFO 2024-10-23 09:17:45: Training epoch 135, training mse:1.754425708592559e-05, test mse:0.0001886148738776683, lr:0.005
INFO 2024-10-23 09:17:45: Training epoch 136, training mse:1.7494083901207585e-05, test mse:0.00019081779798095036, lr:0.005
INFO 2024-10-23 09:17:46: Training epoch 137, training mse:1.9362709281267598e-05, test mse:0.00018819793816267824, lr:0.005
INFO 2024-10-23 09:17:46: Training epoch 138, training mse:1.8302688355712842e-05, test mse:0.00018909936594961133, lr:0.005
INFO 2024-10-23 09:17:46: Training epoch 139, training mse:1.8602009125364322e-05, test mse:0.00019570612009071434, lr:0.005
INFO 2024-10-23 09:17:46: Training epoch 140, training mse:1.928570539651749e-05, test mse:0.00018387373074801872, lr:0.005
INFO 2024-10-23 09:17:46: Training epoch 141, training mse:1.7928217857843265e-05, test mse:0.0001919353647584406, lr:0.005
INFO 2024-10-23 09:17:46: Training epoch 142, training mse:1.6105860898581643e-05, test mse:0.00018860924501495901, lr:0.005
INFO 2024-10-23 09:17:47: Training epoch 143, training mse:1.6667343516019173e-05, test mse:0.00018151741975695282, lr:0.005
INFO 2024-10-23 09:17:47: Training epoch 144, training mse:1.8196686748221207e-05, test mse:0.0001902499395024885, lr:0.005
INFO 2024-10-23 09:17:47: Training epoch 145, training mse:1.6731227030201506e-05, test mse:0.00018500364543191003, lr:0.005
INFO 2024-10-23 09:17:47: Training epoch 146, training mse:1.7017587500352722e-05, test mse:0.00018936889258232745, lr:0.005
